[0m[[0mdebug[0m] [0mRunning TaskDef(barneshut.BarnesHutSuite, org.scalatest.tools.Framework$$anon$1@7a3265d9, false, [SuiteSelector])[0m
[0m[[0minfo[0m] [0m[36mRun completed in 339 milliseconds.[0m[0m
[0m[[0minfo[0m] [0m[36mTotal number of tests run: 9[0m[0m
[0m[[0minfo[0m] [0m[36mSuites: completed 1, aborted 0[0m[0m
[0m[[0minfo[0m] [0m[36mTests: succeeded 7, failed 2, canceled 0, ignored 0, pending 0[0m[0m
[0m[[0minfo[0m] [0m[31m*** 2 TESTS FAILED ***[0m[0m
[0m[[31merror[0m] [0mFailed tests:[0m
[0m[[31merror[0m] [0m	barneshut.BarnesHutSuite[0m
[0m[[31merror[0m] [0m(test:[31mtest[0m) sbt.TestsFailedException: Tests unsuccessful[0m
